Started: Configuration reading
Configured expression: hub + auth
Ended: Configuration reading
Started: Preparation
Warning: Graph entity: '8874' referenced from entity: '10074' does not exist!
Warning: Graph entity: '12268' referenced from entity: '10074' does not exist!
Warning: Graph entity: '8276' referenced from entity: '10074' does not exist!
Warning: Graph entity: '12564' referenced from entity: '10074' does not exist!
Warning: Graph entity: '4355' referenced from entity: '10146' does not exist!
Warning: Graph entity: '2522' referenced from entity: '10146' does not exist!
Warning: Graph entity: '13230' referenced from entity: '10146' does not exist!
Warning: Graph entity: '13230' referenced from entity: '10146' does not exist!
Warning: Graph entity: '13230' referenced from entity: '10146' does not exist!
Warning: Graph entity: '13230' referenced from entity: '10146' does not exist!
Warning: Graph entity: '13230' referenced from entity: '10146' does not exist!
Warning: Graph entity: '13230' referenced from entity: '10146' does not exist!
Warning: Graph entity: '4885' referenced from entity: '10184' does not exist!
Warning: Graph entity: '1087' referenced from entity: '1075' does not exist!
Warning: Graph entity: '964' referenced from entity: '1116' does not exist!
Warning: Graph entity: '646' referenced from entity: '1187' does not exist!
Warning: Graph entity: '330' referenced from entity: '127' does not exist!
Warning: Graph entity: '5767' referenced from entity: '127' does not exist!
Warning: Graph entity: '6184' referenced from entity: '127' does not exist!
Warning: Graph entity: '124' referenced from entity: '128' does not exist!
Warning: Graph entity: '2522' referenced from entity: '128' does not exist!
Warning: Graph entity: '2522' referenced from entity: '128' does not exist!
Warning: Graph entity: '982' referenced from entity: '128' does not exist!
Warning: Graph entity: '1164' referenced from entity: '128' does not exist!
Warning: Graph entity: '330' referenced from entity: '13110' does not exist!
Warning: Graph entity: '1810' referenced from entity: '13753' does not exist!
Warning: Graph entity: '1810' referenced from entity: '13753' does not exist!
Warning: Graph entity: '8874' referenced from entity: '13753' does not exist!
Warning: Graph entity: '8874' referenced from entity: '13753' does not exist!
Warning: Graph entity: '8874' referenced from entity: '13753' does not exist!
Warning: Graph entity: '1479' referenced from entity: '13753' does not exist!
Warning: Graph entity: '1164' referenced from entity: '13753' does not exist!
Warning: Graph entity: '5391' referenced from entity: '13753' does not exist!
Warning: Graph entity: '5391' referenced from entity: '13753' does not exist!
Warning: Graph entity: '328' referenced from entity: '13753' does not exist!
Warning: Graph entity: '8905' referenced from entity: '13753' does not exist!
Warning: Graph entity: '8275' referenced from entity: '13753' does not exist!
Warning: Graph entity: '688' referenced from entity: '13753' does not exist!
Warning: Graph entity: '3836' referenced from entity: '13753' does not exist!
Warning: Graph entity: '10722' referenced from entity: '13753' does not exist!
Warning: Graph entity: '10722' referenced from entity: '13753' does not exist!
Warning: Graph entity: '15579' referenced from entity: '13753' does not exist!
Warning: Graph entity: '9295' referenced from entity: '13753' does not exist!
Warning: Graph entity: '964' referenced from entity: '146' does not exist!
Warning: Graph entity: '371' referenced from entity: '146' does not exist!
Warning: Graph entity: '124' referenced from entity: '146' does not exist!
Warning: Graph entity: '508' referenced from entity: '146' does not exist!
Warning: Graph entity: '32' referenced from entity: '146' does not exist!
Warning: Graph entity: '5930' referenced from entity: '146' does not exist!
Warning: Graph entity: '8275' referenced from entity: '146' does not exist!
Warning: Graph entity: '13230' referenced from entity: '15246' does not exist!
Warning: Graph entity: '13230' referenced from entity: '15246' does not exist!
Warning: Graph entity: '13230' referenced from entity: '15246' does not exist!
Warning: Graph entity: '13230' referenced from entity: '15246' does not exist!
Warning: Graph entity: '13230' referenced from entity: '15246' does not exist!
Warning: Graph entity: '13230' referenced from entity: '15246' does not exist!
Warning: Graph entity: '13230' referenced from entity: '15246' does not exist!
Warning: Graph entity: '13230' referenced from entity: '15246' does not exist!
Warning: Graph entity: '13230' referenced from entity: '15246' does not exist!
Warning: Graph entity: '13230' referenced from entity: '15246' does not exist!
Warning: Graph entity: '13230' referenced from entity: '15246' does not exist!
Warning: Graph entity: '13230' referenced from entity: '15246' does not exist!
Warning: Graph entity: '646' referenced from entity: '1858' does not exist!
Warning: Graph entity: '32' referenced from entity: '1858' does not exist!
Warning: Graph entity: '32' referenced from entity: '1858' does not exist!
Warning: Graph entity: '2522' referenced from entity: '1858' does not exist!
Warning: Graph entity: '2522' referenced from entity: '1858' does not exist!
Warning: Graph entity: '374' referenced from entity: '1858' does not exist!
Warning: Graph entity: '1812' referenced from entity: '1858' does not exist!
Warning: Graph entity: '1812' referenced from entity: '1858' does not exist!
Warning: Graph entity: '1164' referenced from entity: '1858' does not exist!
Warning: Graph entity: '1164' referenced from entity: '1858' does not exist!
Warning: Graph entity: '3867' referenced from entity: '1858' does not exist!
Warning: Graph entity: '6184' referenced from entity: '1858' does not exist!
Warning: Graph entity: '1126' referenced from entity: '1858' does not exist!
Warning: Graph entity: '8275' referenced from entity: '1858' does not exist!
Warning: Graph entity: '8275' referenced from entity: '1858' does not exist!
Warning: Graph entity: '8874' referenced from entity: '1858' does not exist!
Warning: Graph entity: '124' referenced from entity: '1858' does not exist!
Warning: Graph entity: '124' referenced from entity: '1858' does not exist!
Warning: Graph entity: '1164' referenced from entity: '1858' does not exist!
Warning: Graph entity: '2522' referenced from entity: '1858' does not exist!
Warning: Graph entity: '10424' referenced from entity: '1863' does not exist!
Warning: Graph entity: '5490' referenced from entity: '1863' does not exist!
Warning: Graph entity: '5490' referenced from entity: '1863' does not exist!
Warning: Graph entity: '11474' referenced from entity: '1863' does not exist!
Warning: Graph entity: '19867' referenced from entity: '1863' does not exist!
Warning: Graph entity: '15309' referenced from entity: '19450' does not exist!
Warning: Graph entity: '1550' referenced from entity: '2' does not exist!
Warning: Graph entity: '371' referenced from entity: '2' does not exist!
Warning: Graph entity: '328' referenced from entity: '2' does not exist!
Warning: Graph entity: '5490' referenced from entity: '225' does not exist!
Warning: Graph entity: '5490' referenced from entity: '225' does not exist!
Warning: Graph entity: '328' referenced from entity: '24' does not exist!
Warning: Graph entity: '124' referenced from entity: '24' does not exist!
Warning: Graph entity: '124' referenced from entity: '24' does not exist!
Warning: Graph entity: '374' referenced from entity: '24' does not exist!
Warning: Graph entity: '124' referenced from entity: '24' does not exist!
Warning: Graph entity: '4677' referenced from entity: '2414' does not exist!
Warning: Graph entity: '4677' referenced from entity: '2414' does not exist!
Warning: Graph entity: '5186' referenced from entity: '2414' does not exist!
Warning: Graph entity: '6184' referenced from entity: '2414' does not exist!
Warning: Graph entity: '6184' referenced from entity: '2414' does not exist!
Warning: Graph entity: '11474' referenced from entity: '2414' does not exist!
Warning: Graph entity: '124' referenced from entity: '2727' does not exist!
Warning: Graph entity: '7549' referenced from entity: '2727' does not exist!
Warning: Graph entity: '5490' referenced from entity: '2727' does not exist!
Warning: Graph entity: '124' referenced from entity: '2760' does not exist!
Warning: Graph entity: '124' referenced from entity: '2760' does not exist!
Warning: Graph entity: '5767' referenced from entity: '2760' does not exist!
Warning: Graph entity: '5544' referenced from entity: '2760' does not exist!
Warning: Graph entity: '6882' referenced from entity: '2760' does not exist!
Warning: Graph entity: '11002' referenced from entity: '2760' does not exist!
Warning: Graph entity: '12564' referenced from entity: '2760' does not exist!
Warning: Graph entity: '10215' referenced from entity: '2760' does not exist!
Warning: Graph entity: '124' referenced from entity: '2760' does not exist!
Warning: Graph entity: '11000' referenced from entity: '2760' does not exist!
Warning: Graph entity: '15579' referenced from entity: '2760' does not exist!
Warning: Graph entity: '8275' referenced from entity: '2872' does not exist!
Warning: Graph entity: '8874' referenced from entity: '2872' does not exist!
Warning: Graph entity: '8276' referenced from entity: '2872' does not exist!
Warning: Graph entity: '18913' referenced from entity: '2872' does not exist!
Warning: Graph entity: '964' referenced from entity: '291' does not exist!
Warning: Graph entity: '982' referenced from entity: '291' does not exist!
Warning: Graph entity: '4677' referenced from entity: '291' does not exist!
Warning: Graph entity: '8275' referenced from entity: '291' does not exist!
Warning: Graph entity: '7956' referenced from entity: '291' does not exist!
Warning: Graph entity: '8874' referenced from entity: '291' does not exist!
Warning: Graph entity: '8874' referenced from entity: '291' does not exist!
Warning: Graph entity: '8275' referenced from entity: '291' does not exist!
Warning: Graph entity: '10424' referenced from entity: '291' does not exist!
Warning: Graph entity: '5490' referenced from entity: '291' does not exist!
Warning: Graph entity: '7309' referenced from entity: '291' does not exist!
Warning: Graph entity: '124' referenced from entity: '3' does not exist!
Warning: Graph entity: '8275' referenced from entity: '3' does not exist!
Warning: Graph entity: '5490' referenced from entity: '3' does not exist!
Warning: Graph entity: '-1' referenced from entity: '3057' does not exist!
Warning: Graph entity: '-1' referenced from entity: '3057' does not exist!
Warning: Graph entity: '3736' referenced from entity: '348' does not exist!
Warning: Graph entity: '124' referenced from entity: '348' does not exist!
Warning: Graph entity: '2522' referenced from entity: '348' does not exist!
Warning: Graph entity: '4677' referenced from entity: '348' does not exist!
Warning: Graph entity: '1087' referenced from entity: '348' does not exist!
Warning: Graph entity: '3718' referenced from entity: '348' does not exist!
Warning: Graph entity: '5186' referenced from entity: '348' does not exist!
Warning: Graph entity: '2522' referenced from entity: '348' does not exist!
Warning: Graph entity: '4355' referenced from entity: '3545' does not exist!
Warning: Graph entity: '7026' referenced from entity: '3771' does not exist!
Warning: Graph entity: '7026' referenced from entity: '3771' does not exist!
Warning: Graph entity: '7549' referenced from entity: '3771' does not exist!
Warning: Graph entity: '1126' referenced from entity: '3771' does not exist!
Warning: Graph entity: '1126' referenced from entity: '3771' does not exist!
Warning: Graph entity: '8275' referenced from entity: '3771' does not exist!
Warning: Graph entity: '10744' referenced from entity: '3771' does not exist!
Warning: Graph entity: '12268' referenced from entity: '3771' does not exist!
Warning: Graph entity: '1810' referenced from entity: '3771' does not exist!
Warning: Graph entity: '1164' referenced from entity: '3771' does not exist!
Warning: Graph entity: '10722' referenced from entity: '3771' does not exist!
Warning: Graph entity: '10722' referenced from entity: '3771' does not exist!
Warning: Graph entity: '7309' referenced from entity: '3771' does not exist!
Warning: Graph entity: '13230' referenced from entity: '3771' does not exist!
Warning: Graph entity: '13230' referenced from entity: '3771' does not exist!
Warning: Graph entity: '13230' referenced from entity: '3771' does not exist!
Warning: Graph entity: '13230' referenced from entity: '3771' does not exist!
Warning: Graph entity: '13230' referenced from entity: '3771' does not exist!
Warning: Graph entity: '13230' referenced from entity: '3771' does not exist!
Warning: Graph entity: '13230' referenced from entity: '3771' does not exist!
Warning: Graph entity: '13230' referenced from entity: '3771' does not exist!
Warning: Graph entity: '13230' referenced from entity: '3771' does not exist!
Warning: Graph entity: '13230' referenced from entity: '3771' does not exist!
Warning: Graph entity: '13230' referenced from entity: '3771' does not exist!
Warning: Graph entity: '13230' referenced from entity: '3771' does not exist!
Warning: Graph entity: '4440' referenced from entity: '409' does not exist!
Warning: Graph entity: '4677' referenced from entity: '409' does not exist!
Warning: Graph entity: '124' referenced from entity: '409' does not exist!
Warning: Graph entity: '10744' referenced from entity: '409' does not exist!
Warning: Graph entity: '11002' referenced from entity: '409' does not exist!
Warning: Graph entity: '11003' referenced from entity: '409' does not exist!
Warning: Graph entity: '10697' referenced from entity: '409' does not exist!
Warning: Graph entity: '1810' referenced from entity: '409' does not exist!
Warning: Graph entity: '5391' referenced from entity: '409' does not exist!
Warning: Graph entity: '10722' referenced from entity: '409' does not exist!
Warning: Graph entity: '15309' referenced from entity: '409' does not exist!
Warning: Graph entity: '1126' referenced from entity: '4316' does not exist!
Warning: Graph entity: '8275' referenced from entity: '4316' does not exist!
Warning: Graph entity: '7309' referenced from entity: '4316' does not exist!
Warning: Graph entity: '3837' referenced from entity: '4370' does not exist!
Warning: Graph entity: '8275' referenced from entity: '4370' does not exist!
Warning: Graph entity: '8874' referenced from entity: '4370' does not exist!
Warning: Graph entity: '371' referenced from entity: '4430' does not exist!
Warning: Graph entity: '124' referenced from entity: '4430' does not exist!
Warning: Graph entity: '3867' referenced from entity: '4430' does not exist!
Warning: Graph entity: '5767' referenced from entity: '5079' does not exist!
Warning: Graph entity: '2576' referenced from entity: '5299' does not exist!
Warning: Graph entity: '124' referenced from entity: '537' does not exist!
Warning: Graph entity: '5930' referenced from entity: '549' does not exist!
Warning: Graph entity: '32' referenced from entity: '55' does not exist!
Warning: Graph entity: '3736' referenced from entity: '56' does not exist!
Warning: Graph entity: '371' referenced from entity: '56' does not exist!
Warning: Graph entity: '371' referenced from entity: '56' does not exist!
Warning: Graph entity: '124' referenced from entity: '56' does not exist!
Warning: Graph entity: '374' referenced from entity: '56' does not exist!
Warning: Graph entity: '6182' referenced from entity: '5636' does not exist!
Warning: Graph entity: '374' referenced from entity: '6075' does not exist!
Warning: Graph entity: '6830' referenced from entity: '6075' does not exist!
Warning: Graph entity: '1164' referenced from entity: '6075' does not exist!
Warning: Graph entity: '6184' referenced from entity: '6075' does not exist!
Warning: Graph entity: '1126' referenced from entity: '6075' does not exist!
Warning: Graph entity: '3718' referenced from entity: '6409' does not exist!
Warning: Graph entity: '32' referenced from entity: '72' does not exist!
Warning: Graph entity: '1810' referenced from entity: '7332' does not exist!
Warning: Graph entity: '371' referenced from entity: '76' does not exist!
Warning: Graph entity: '1100' referenced from entity: '8207' does not exist!
Warning: Graph entity: '646' referenced from entity: '919' does not exist!
Warning: Graph entity: '508' referenced from entity: '96' does not exist!
Warning: Graph entity: '8275' referenced from entity: '988' does not exist!
Graph found. # of edges: 848
Ended: Preparation
Started: Rankings generation
diff was: 1026.7302581357662
diff was: 3.0878023675782447
diff was: 1.2474312776098255
diff was: 1.0333252193471432
diff was: 0.6084956564045632
diff was: 0.39727911963004514
diff was: 0.23665789721266534
diff was: 0.1384242667850054
diff was: 0.08181896608178707
diff was: 0.04804452599797389
diff was: 0.028330538970020244
diff was: 0.01665747063954403
diff was: 0.009814607867103826
Ended: Rankings generation
Started: Rankings analysis
Ended: Rankings analysis
Started: Results saving
Ended: Results saving
Started: Evaluation
Ended: Evaluation
